# JRE version: Java(TM) SE Runtime Environment (8.0_201-b09) (build 1.8.0_201-b09)
# Java VM: Java HotSpot(TM) 64-Bit Server VM (25.201-b09 mixed mode windows-amd64 compressed oops)
Heap:
 PSYoungGen      total 156160K, used 80535K [0x000000076ab00000, 0x0000000776200000, 0x00000007c0000000)
  eden space 142848K, 56% used [0x000000076ab00000,0x000000076f9a5ea0,0x0000000773680000)
  from space 13312K, 0% used [0x0000000774580000,0x0000000774580000,0x0000000775280000)
  to   space 15360K, 0% used [0x0000000773680000,0x0000000773680000,0x0000000774580000)
 ParOldGen       total 102400K, used 21066K [0x00000006c0000000, 0x00000006c6400000, 0x000000076ab00000)
  object space 102400K, 20% used [0x00000006c0000000,0x00000006c1492920,0x00000006c6400000)
 Metaspace       used 40549K, capacity 41314K, committed 41640K, reserved 1085440K
  class space    used 5740K, capacity 5989K, committed 6056K, reserved 1048576K
GC Heap History (10 events):
Event: 2.348 GC heap before
{Heap before GC invocations=6 (full 1):
 PSYoungGen      total 71680K, used 66560K [0x000000076ab00000, 0x000000076f600000, 0x00000007c0000000)
  eden space 66560K, 100% used [0x000000076ab00000,0x000000076ec00000,0x000000076ec00000)
  from space 5120K, 0% used [0x000000076f100000,0x000000076f100000,0x000000076f600000)
  to   space 5120K, 0% used [0x000000076ec00000,0x000000076ec00000,0x000000076f100000)
 ParOldGen       total 64000K, used 8799K [0x00000006c0000000, 0x00000006c3e80000, 0x000000076ab00000)
  object space 64000K, 13% used [0x00000006c0000000,0x00000006c0897f28,0x00000006c3e80000)
 Metaspace       used 26366K, capacity 26838K, committed 27056K, reserved 1073152K
  class space    used 3717K, capacity 3917K, committed 4016K, reserved 1048576K
Event: 2.354 GC heap after
Heap after GC invocations=6 (full 1):
 PSYoungGen      total 71680K, used 5091K [0x000000076ab00000, 0x0000000771f00000, 0x00000007c0000000)
  eden space 66560K, 0% used [0x000000076ab00000,0x000000076ab00000,0x000000076ec00000)
  from space 5120K, 99% used [0x000000076ec00000,0x000000076f0f8f38,0x000000076f100000)
  to   space 10240K, 0% used [0x0000000771500000,0x0000000771500000,0x0000000771f00000)
 ParOldGen       total 64000K, used 10317K [0x00000006c0000000, 0x00000006c3e80000, 0x000000076ab00000)
  object space 64000K, 16% used [0x00000006c0000000,0x00000006c0a137f8,0x00000006c3e80000)
 Metaspace       used 26366K, capacity 26838K, committed 27056K, reserved 1073152K
  class space    used 3717K, capacity 3917K, committed 4016K, reserved 1048576K
}
Event: 2.889 GC heap before
{Heap before GC invocations=7 (full 1):
 PSYoungGen      total 71680K, used 71651K [0x000000076ab00000, 0x0000000771f00000, 0x00000007c0000000)
  eden space 66560K, 100% used [0x000000076ab00000,0x000000076ec00000,0x000000076ec00000)
  from space 5120K, 99% used [0x000000076ec00000,0x000000076f0f8f38,0x000000076f100000)
  to   space 10240K, 0% used [0x0000000771500000,0x0000000771500000,0x0000000771f00000)
 ParOldGen       total 64000K, used 10317K [0x00000006c0000000, 0x00000006c3e80000, 0x000000076ab00000)
  object space 64000K, 16% used [0x00000006c0000000,0x00000006c0a137f8,0x00000006c3e80000)
 Metaspace       used 30921K, capacity 31412K, committed 31792K, reserved 1077248K
  class space    used 4349K, capacity 4542K, committed 4656K, reserved 1048576K
Event: 2.895 GC heap after
Heap after GC invocations=7 (full 1):
 PSYoungGen      total 106496K, used 9099K [0x000000076ab00000, 0x0000000771e80000, 0x00000007c0000000)
  eden space 96768K, 0% used [0x000000076ab00000,0x000000076ab00000,0x0000000770980000)
  from space 9728K, 93% used [0x0000000771500000,0x0000000771de2e60,0x0000000771e80000)
  to   space 10752K, 0% used [0x0000000770980000,0x0000000770980000,0x0000000771400000)
 ParOldGen       total 64000K, used 10325K [0x00000006c0000000, 0x00000006c3e80000, 0x000000076ab00000)
  object space 64000K, 16% used [0x00000006c0000000,0x00000006c0a157f8,0x00000006c3e80000)
 Metaspace       used 30921K, capacity 31412K, committed 31792K, reserved 1077248K
  class space    used 4349K, capacity 4542K, committed 4656K, reserved 1048576K
}
Event: 3.285 GC heap before
{Heap before GC invocations=8 (full 1):
 PSYoungGen      total 106496K, used 105867K [0x000000076ab00000, 0x0000000771e80000, 0x00000007c0000000)
  eden space 96768K, 100% used [0x000000076ab00000,0x0000000770980000,0x0000000770980000)
  from space 9728K, 93% used [0x0000000771500000,0x0000000771de2e60,0x0000000771e80000)
  to   space 10752K, 0% used [0x0000000770980000,0x0000000770980000,0x0000000771400000)
 ParOldGen       total 64000K, used 10325K [0x00000006c0000000, 0x00000006c3e80000, 0x000000076ab00000)
  object space 64000K, 16% used [0x00000006c0000000,0x00000006c0a157f8,0x00000006c3e80000)
 Metaspace       used 33378K, capacity 33898K, committed 34224K, reserved 1079296K
  class space    used 4749K, capacity 4935K, committed 5040K, reserved 1048576K
Event: 3.295 GC heap after
Heap after GC invocations=8 (full 1):
 PSYoungGen      total 107520K, used 10740K [0x000000076ab00000, 0x0000000775280000, 0x00000007c0000000)
  eden space 96768K, 0% used [0x000000076ab00000,0x000000076ab00000,0x0000000770980000)
  from space 10752K, 99% used [0x0000000770980000,0x00000007713fd040,0x0000000771400000)
  to   space 13312K, 0% used [0x0000000774580000,0x0000000774580000,0x0000000775280000)
 ParOldGen       total 64000K, used 12367K [0x00000006c0000000, 0x00000006c3e80000, 0x000000076ab00000)
  object space 64000K, 19% used [0x00000006c0000000,0x00000006c0c13d70,0x00000006c3e80000)
 Metaspace       used 33378K, capacity 33898K, committed 34224K, reserved 1079296K
  class space    used 4749K, capacity 4935K, committed 5040K, reserved 1048576K
}
Event: 3.476 GC heap before
{Heap before GC invocations=9 (full 1):
 PSYoungGen      total 107520K, used 39969K [0x000000076ab00000, 0x0000000775280000, 0x00000007c0000000)
  eden space 96768K, 30% used [0x000000076ab00000,0x000000076c78b6d0,0x0000000770980000)
  from space 10752K, 99% used [0x0000000770980000,0x00000007713fd040,0x0000000771400000)
  to   space 13312K, 0% used [0x0000000774580000,0x0000000774580000,0x0000000775280000)
 ParOldGen       total 64000K, used 12367K [0x00000006c0000000, 0x00000006c3e80000, 0x000000076ab00000)
  object space 64000K, 19% used [0x00000006c0000000,0x00000006c0c13d70,0x00000006c3e80000)
 Metaspace       used 34500K, capacity 35204K, committed 35496K, reserved 1079296K
  class space    used 4925K, capacity 5174K, committed 5288K, reserved 1048576K
Event: 3.488 GC heap after
Heap after GC invocations=9 (full 1):
 PSYoungGen      total 156160K, used 13308K [0x000000076ab00000, 0x0000000776200000, 0x00000007c0000000)
  eden space 142848K, 0% used [0x000000076ab00000,0x000000076ab00000,0x0000000773680000)
  from space 13312K, 99% used [0x0000000774580000,0x000000077527f2c0,0x0000000775280000)
  to   space 15360K, 0% used [0x0000000773680000,0x0000000773680000,0x0000000774580000)
 ParOldGen       total 64000K, used 13081K [0x00000006c0000000, 0x00000006c3e80000, 0x000000076ab00000)
  object space 64000K, 20% used [0x00000006c0000000,0x00000006c0cc67f8,0x00000006c3e80000)
 Metaspace       used 34500K, capacity 35204K, committed 35496K, reserved 1079296K
  class space    used 4925K, capacity 5174K, committed 5288K, reserved 1048576K
}
Event: 3.488 GC heap before
{Heap before GC invocations=10 (full 2):
 PSYoungGen      total 156160K, used 13308K [0x000000076ab00000, 0x0000000776200000, 0x00000007c0000000)
  eden space 142848K, 0% used [0x000000076ab00000,0x000000076ab00000,0x0000000773680000)
  from space 13312K, 99% used [0x0000000774580000,0x000000077527f2c0,0x0000000775280000)
  to   space 15360K, 0% used [0x0000000773680000,0x0000000773680000,0x0000000774580000)
 ParOldGen       total 64000K, used 13081K [0x00000006c0000000, 0x00000006c3e80000, 0x000000076ab00000)
  object space 64000K, 20% used [0x00000006c0000000,0x00000006c0cc67f8,0x00000006c3e80000)
 Metaspace       used 34500K, capacity 35204K, committed 35496K, reserved 1079296K
  class space    used 4925K, capacity 5174K, committed 5288K, reserved 1048576K
Event: 3.561 GC heap after
Heap after GC invocations=10 (full 2):
 PSYoungGen      total 156160K, used 0K [0x000000076ab00000, 0x0000000776200000, 0x00000007c0000000)
  eden space 142848K, 0% used [0x000000076ab00000,0x000000076ab00000,0x0000000773680000)
  from space 13312K, 0% used [0x0000000774580000,0x0000000774580000,0x0000000775280000)
  to   space 15360K, 0% used [0x0000000773680000,0x0000000773680000,0x0000000774580000)
 ParOldGen       total 102400K, used 21066K [0x00000006c0000000, 0x00000006c6400000, 0x000000076ab00000)
  object space 102400K, 20% used [0x00000006c0000000,0x00000006c1492920,0x00000006c6400000)
 Metaspace       used 34500K, capacity 35204K, committed 35496K, reserved 1079296K
  class space    used 4925K, capacity 5174K, committed 5288K, reserved 1048576K
}

