# JRE version: Java(TM) SE Runtime Environment (8.0_201-b09) (build 1.8.0_201-b09)
# Java VM: Java HotSpot(TM) 64-Bit Server VM (25.201-b09 mixed mode windows-amd64 compressed oops)
Heap:
 PSYoungGen      total 158720K, used 86962K [0x000000076ab00000, 0x0000000775400000, 0x00000007c0000000)
  eden space 146432K, 59% used [0x000000076ab00000,0x000000076ffec8e0,0x0000000773a00000)
  from space 12288K, 0% used [0x0000000774580000,0x0000000774580000,0x0000000775180000)
  to   space 11776K, 0% used [0x0000000773a00000,0x0000000773a00000,0x0000000774580000)
 ParOldGen       total 91136K, used 90995K [0x00000006c0000000, 0x00000006c5900000, 0x000000076ab00000)
  object space 91136K, 99% used [0x00000006c0000000,0x00000006c58dcf58,0x00000006c5900000)
 Metaspace       used 56324K, capacity 57114K, committed 57512K, reserved 1099776K
  class space    used 7229K, capacity 7520K, committed 7600K, reserved 1048576K
GC Heap History (10 events):
Event: 9.675 GC heap before
{Heap before GC invocations=14 (full 2):
 PSYoungGen      total 158208K, used 150312K [0x000000076ab00000, 0x0000000775400000, 0x00000007c0000000)
  eden space 146432K, 100% used [0x000000076ab00000,0x0000000773a00000,0x0000000773a00000)
  from space 11776K, 32% used [0x0000000773a00000,0x0000000773dca218,0x0000000774580000)
  to   space 12288K, 0% used [0x0000000774580000,0x0000000774580000,0x0000000775180000)
 ParOldGen       total 91136K, used 50549K [0x00000006c0000000, 0x00000006c5900000, 0x000000076ab00000)
  object space 91136K, 55% used [0x00000006c0000000,0x00000006c315d758,0x00000006c5900000)
 Metaspace       used 48220K, capacity 49036K, committed 49448K, reserved 1091584K
  class space    used 6545K, capacity 6850K, committed 6960K, reserved 1048576K
Event: 9.682 GC heap after
Heap after GC invocations=14 (full 2):
 PSYoungGen      total 158720K, used 10498K [0x000000076ab00000, 0x0000000775400000, 0x00000007c0000000)
  eden space 146432K, 0% used [0x000000076ab00000,0x000000076ab00000,0x0000000773a00000)
  from space 12288K, 85% used [0x0000000774580000,0x0000000774fc0ac0,0x0000000775180000)
  to   space 11776K, 0% used [0x0000000773a00000,0x0000000773a00000,0x0000000774580000)
 ParOldGen       total 91136K, used 50589K [0x00000006c0000000, 0x00000006c5900000, 0x000000076ab00000)
  object space 91136K, 55% used [0x00000006c0000000,0x00000006c3167758,0x00000006c5900000)
 Metaspace       used 48220K, capacity 49036K, committed 49448K, reserved 1091584K
  class space    used 6545K, capacity 6850K, committed 6960K, reserved 1048576K
}
Event: 10.783 GC heap before
{Heap before GC invocations=15 (full 2):
 PSYoungGen      total 158720K, used 156930K [0x000000076ab00000, 0x0000000775400000, 0x00000007c0000000)
  eden space 146432K, 100% used [0x000000076ab00000,0x0000000773a00000,0x0000000773a00000)
  from space 12288K, 85% used [0x0000000774580000,0x0000000774fc0ac0,0x0000000775180000)
  to   space 11776K, 0% used [0x0000000773a00000,0x0000000773a00000,0x0000000774580000)
 ParOldGen       total 91136K, used 50589K [0x00000006c0000000, 0x00000006c5900000, 0x000000076ab00000)
  object space 91136K, 55% used [0x00000006c0000000,0x00000006c3167758,0x00000006c5900000)
 Metaspace       used 56119K, capacity 56908K, committed 57256K, reserved 1099776K
  class space    used 7212K, capacity 7490K, committed 7600K, reserved 1048576K
Event: 10.787 GC heap after
Heap after GC invocations=15 (full 2):
 PSYoungGen      total 158208K, used 8971K [0x000000076ab00000, 0x0000000775400000, 0x00000007c0000000)
  eden space 146432K, 0% used [0x000000076ab00000,0x000000076ab00000,0x0000000773a00000)
  from space 11776K, 76% used [0x0000000773a00000,0x00000007742c2f70,0x0000000774580000)
  to   space 12288K, 0% used [0x0000000774580000,0x0000000774580000,0x0000000775180000)
 ParOldGen       total 91136K, used 50677K [0x00000006c0000000, 0x00000006c5900000, 0x000000076ab00000)
  object space 91136K, 55% used [0x00000006c0000000,0x00000006c317d758,0x00000006c5900000)
 Metaspace       used 56119K, capacity 56908K, committed 57256K, reserved 1099776K
  class space    used 7212K, capacity 7490K, committed 7600K, reserved 1048576K
}
Event: 10.983 GC heap before
{Heap before GC invocations=16 (full 2):
 PSYoungGen      total 158208K, used 155403K [0x000000076ab00000, 0x0000000775400000, 0x00000007c0000000)
  eden space 146432K, 100% used [0x000000076ab00000,0x0000000773a00000,0x0000000773a00000)
  from space 11776K, 76% used [0x0000000773a00000,0x00000007742c2f70,0x0000000774580000)
  to   space 12288K, 0% used [0x0000000774580000,0x0000000774580000,0x0000000775180000)
 ParOldGen       total 91136K, used 50677K [0x00000006c0000000, 0x00000006c5900000, 0x000000076ab00000)
  object space 91136K, 55% used [0x00000006c0000000,0x00000006c317d758,0x00000006c5900000)
 Metaspace       used 56271K, capacity 57068K, committed 57512K, reserved 1099776K
  class space    used 7225K, capacity 7522K, committed 7600K, reserved 1048576K
Event: 11.004 GC heap after
Heap after GC invocations=16 (full 2):
 PSYoungGen      total 158720K, used 12256K [0x000000076ab00000, 0x0000000775400000, 0x00000007c0000000)
  eden space 146432K, 0% used [0x000000076ab00000,0x000000076ab00000,0x0000000773a00000)
  from space 12288K, 99% used [0x0000000774580000,0x0000000775178050,0x0000000775180000)
  to   space 11776K, 0% used [0x0000000773a00000,0x0000000773a00000,0x0000000774580000)
 ParOldGen       total 91136K, used 74558K [0x00000006c0000000, 0x00000006c5900000, 0x000000076ab00000)
  object space 91136K, 81% used [0x00000006c0000000,0x00000006c48cf988,0x00000006c5900000)
 Metaspace       used 56271K, capacity 57068K, committed 57512K, reserved 1099776K
  class space    used 7225K, capacity 7522K, committed 7600K, reserved 1048576K
}
Event: 11.004 GC heap before
{Heap before GC invocations=17 (full 3):
 PSYoungGen      total 158720K, used 12256K [0x000000076ab00000, 0x0000000775400000, 0x00000007c0000000)
  eden space 146432K, 0% used [0x000000076ab00000,0x000000076ab00000,0x0000000773a00000)
  from space 12288K, 99% used [0x0000000774580000,0x0000000775178050,0x0000000775180000)
  to   space 11776K, 0% used [0x0000000773a00000,0x0000000773a00000,0x0000000774580000)
 ParOldGen       total 91136K, used 74558K [0x00000006c0000000, 0x00000006c5900000, 0x000000076ab00000)
  object space 91136K, 81% used [0x00000006c0000000,0x00000006c48cf988,0x00000006c5900000)
 Metaspace       used 56271K, capacity 57068K, committed 57512K, reserved 1099776K
  class space    used 7225K, capacity 7522K, committed 7600K, reserved 1048576K
Event: 11.231 GC heap after
Heap after GC invocations=17 (full 3):
 PSYoungGen      total 158720K, used 0K [0x000000076ab00000, 0x0000000775400000, 0x00000007c0000000)
  eden space 146432K, 0% used [0x000000076ab00000,0x000000076ab00000,0x0000000773a00000)
  from space 12288K, 0% used [0x0000000774580000,0x0000000774580000,0x0000000775180000)
  to   space 11776K, 0% used [0x0000000773a00000,0x0000000773a00000,0x0000000774580000)
 ParOldGen       total 91136K, used 75519K [0x00000006c0000000, 0x00000006c5900000, 0x000000076ab00000)
  object space 91136K, 82% used [0x00000006c0000000,0x00000006c49bfd60,0x00000006c5900000)
 Metaspace       used 56256K, capacity 57050K, committed 57512K, reserved 1099776K
  class space    used 7223K, capacity 7520K, committed 7600K, reserved 1048576K
}
Event: 11.394 GC heap before
{Heap before GC invocations=18 (full 4):
 PSYoungGen      total 158720K, used 146432K [0x000000076ab00000, 0x0000000775400000, 0x00000007c0000000)
  eden space 146432K, 100% used [0x000000076ab00000,0x0000000773a00000,0x0000000773a00000)
  from space 12288K, 0% used [0x0000000774580000,0x0000000774580000,0x0000000775180000)
  to   space 11776K, 0% used [0x0000000773a00000,0x0000000773a00000,0x0000000774580000)
 ParOldGen       total 91136K, used 75519K [0x00000006c0000000, 0x00000006c5900000, 0x000000076ab00000)
  object space 91136K, 82% used [0x00000006c0000000,0x00000006c49bfd60,0x00000006c5900000)
 Metaspace       used 56312K, capacity 57114K, committed 57512K, reserved 1099776K
  class space    used 7228K, capacity 7520K, committed 7600K, reserved 1048576K
Event: 11.592 GC heap after
Heap after GC invocations=18 (full 4):
 PSYoungGen      total 158720K, used 17386K [0x000000076ab00000, 0x0000000775400000, 0x00000007c0000000)
  eden space 146432K, 11% used [0x000000076ab00000,0x000000076bbfab38,0x0000000773a00000)
  from space 12288K, 0% used [0x0000000774580000,0x0000000774580000,0x0000000775180000)
  to   space 11776K, 0% used [0x0000000773a00000,0x0000000773a00000,0x0000000774580000)
 ParOldGen       total 91136K, used 90995K [0x00000006c0000000, 0x00000006c5900000, 0x000000076ab00000)
  object space 91136K, 99% used [0x00000006c0000000,0x00000006c58dcf58,0x00000006c5900000)
 Metaspace       used 56312K, capacity 57114K, committed 57512K, reserved 1099776K
  class space    used 7228K, capacity 7520K, committed 7600K, reserved 1048576K
}

